Updated: DAgMpBuSrT2
Updated: DAbIXJNSPjB
Updated: DAGbiBvSTi1
Updated: C_7OYvES2-p
Updated: C_6G2R9y10tw4k5cRcZXQduCt_-WWpp_0TODj40
Updated: C9kSt9-S11-
Updated: C6RZecuJC_J
Updated: C51Bd-NJnqY
Updated: C5vxigYpMDq
Updated: C5oU4wTBa4m
Updated: Cx3JeijJaUG
Updated: CZrYxa6pl6p
Updated: CZhuYNwldua
Updated: CX8xb08FeiA
Updated: CXfW8QqJAC7
Updated: CSH88SjBWbK
Updated: CN12uuxnYK5
Updated: CL1PI7Vnr2X
Updated: CLzHA1nnLxG
Updated: CLeP9_unI8k
Updated: CD0yhekHJ7L
Updated: CCBMtxBhqC1
Updated: B-t_z3ZH4jZ
Updated: B9Nn5Z3nngJ
Updated: BygwF8zHHDe
Post fetching and saving completed.
